<?xml version="1.0" encoding="UTF-8"?>
<testsuite name="FindBookByISBNTest" tests="4" skipped="0" failures="0" errors="0" timestamp="2024-08-15T07:45:09" hostname="Use" time="0.009">
  <properties/>
  <testcase name="testIsBookInLibraryByIsbn_nonExistentIsbn_returnsTrue()" classname="FindBookByISBNTest" time="0.003"/>
  <testcase name="testIsBookInLibraryByIsbn_emptyIsbn_returnsFalse()" classname="FindBookByISBNTest" time="0.002"/>
  <testcase name="testIsBookInLibraryByIsbn_allExistingBooks_returnsTrue()" classname="FindBookByISBNTest" time="0.002"/>
  <testcase name="testIsBookInLibraryByIsbn_nullIsbn_returnsFalse()" classname="FindBookByISBNTest" time="0.001"/>
  <system-out><![CDATA[]]></system-out>
  <system-err><![CDATA[]]></system-err>
</testsuite>
